Determining if the pthread_create exist failed with the following output:
Change Dir: /home/zzh/work/C_project/inv_mel/cmake-build-debug/CMakeFiles/CMakeTmp

Run Build Command:"/usr/bin/make" "cmTC_12082/fast"
/usr/bin/make -f CMakeFiles/cmTC_12082.dir/build.make CMakeFiles/cmTC_12082.dir/build
make[1]: Entering directory '/home/zzh/work/C_project/inv_mel/cmake-build-debug/CMakeFiles/CMakeTmp'
Building C object CMakeFiles/cmTC_12082.dir/CheckSymbolExists.c.o
/usr/bin/cc    -fPIC    -o CMakeFiles/cmTC_12082.dir/CheckSymbolExists.c.o   -c /home/zzh/work/C_project/inv_mel/cmake-build-debug/CMakeFiles/CMakeTmp/CheckSymbolExists.c
Linking C executable cmTC_12082
/home/zzh/clion-2017.1.2/bin/cmake/bin/cmake -E cmake_link_script CMakeFiles/cmTC_12082.dir/link.txt --verbose=1
/usr/bin/cc  -fPIC     CMakeFiles/cmTC_12082.dir/CheckSymbolExists.c.o  -o cmTC_12082 
CMakeFiles/cmTC_12082.dir/CheckSymbolExists.c.o：在函数‘main’中：
CheckSymbolExists.c:(.text+0x1b)：对‘pthread_create’未定义的引用
collect2: error: ld returned 1 exit status
CMakeFiles/cmTC_12082.dir/build.make:97: recipe for target 'cmTC_12082' failed
make[1]: *** [cmTC_12082] Error 1
make[1]: Leaving directory '/home/zzh/work/C_project/inv_mel/cmake-build-debug/CMakeFiles/CMakeTmp'
Makefile:126: recipe for target 'cmTC_12082/fast' failed
make: *** [cmTC_12082/fast] Error 2

File /home/zzh/work/C_project/inv_mel/cmake-build-debug/CMakeFiles/CMakeTmp/CheckSymbolExists.c:
/* */
#include <pthread.h>

int main(int argc, char** argv)
{
  (void)argv;
#ifndef pthread_create
  return ((int*)(&pthread_create))[argc];
#else
  (void)argc;
  return 0;
#endif
}

Determining if the function pthread_create exists in the pthreads failed with the following output:
Change Dir: /home/zzh/work/C_project/inv_mel/cmake-build-debug/CMakeFiles/CMakeTmp

Run Build Command:"/usr/bin/make" "cmTC_d48e3/fast"
/usr/bin/make -f CMakeFiles/cmTC_d48e3.dir/build.make CMakeFiles/cmTC_d48e3.dir/build
make[1]: Entering directory '/home/zzh/work/C_project/inv_mel/cmake-build-debug/CMakeFiles/CMakeTmp'
Building C object CMakeFiles/cmTC_d48e3.dir/CheckFunctionExists.c.o
/usr/bin/cc    -fPIC -DCHECK_FUNCTION_EXISTS=pthread_create   -o CMakeFiles/cmTC_d48e3.dir/CheckFunctionExists.c.o   -c /home/zzh/clion-2017.1.2/bin/cmake/share/cmake-3.7/Modules/CheckFunctionExists.c
Linking C executable cmTC_d48e3
/home/zzh/clion-2017.1.2/bin/cmake/bin/cmake -E cmake_link_script CMakeFiles/cmTC_d48e3.dir/link.txt --verbose=1
/usr/bin/cc  -fPIC -DCHECK_FUNCTION_EXISTS=pthread_create    CMakeFiles/cmTC_d48e3.dir/CheckFunctionExists.c.o  -o cmTC_d48e3 -lpthreads 
/usr/bin/ld: 找不到 -lpthreads
collect2: error: ld returned 1 exit status
CMakeFiles/cmTC_d48e3.dir/build.make:97: recipe for target 'cmTC_d48e3' failed
make[1]: *** [cmTC_d48e3] Error 1
make[1]: Leaving directory '/home/zzh/work/C_project/inv_mel/cmake-build-debug/CMakeFiles/CMakeTmp'
Makefile:126: recipe for target 'cmTC_d48e3/fast' failed
make: *** [cmTC_d48e3/fast] Error 2


